PID 39484 received SIGSEGV for address: 0x1ff5fe9b
SymInit: Symbol-SearchPath: '.;P:\Git\webpack-config-jaid;C:\Program Files\nodejs;C:\Windows;C:\Windows\system32;SRV*C:\websymbols*http://msdl.microsoft.com/download/symbols;', symOptions: 530, UserName: 'Jaid'
OS-Version: 10.0.19044 () 0x100-0x1
p:\git\webpack-config-jaid\node_modules\segfault-handler\src\stackwalker.cpp (941): StackWalker::ShowCallstack
p:\git\webpack-config-jaid\node_modules\segfault-handler\src\segfault-handler.cpp (242): segfault_handler
00007FF829248A3C (ntdll): (filename not available): RtlDeleteAce
00007FF829221276 (ntdll): (filename not available): RtlRaiseException
00007FF829270BCE (ntdll): (filename not available): KiUserExceptionDispatcher
00007FF71FF5FE9B (node): (filename not available): node::Stop
00007FF7208935F7 (node): (filename not available): v8::internal::Isolate::RunHostImportModuleDynamicallyCallback
00007FF720536F94 (node): (filename not available): v8::internal::Runtime::SetObjectProperty
00007FF720A5740C (node): (filename not available): v8::internal::SetupIsolateDelegate::SetupHeap
00007FF720AF4D62 (node): (filename not available): v8::internal::SetupIsolateDelegate::SetupHeap
PID 8376 received SIGSEGV for address: 0x1ff5fe9b
SymInit: Symbol-SearchPath: '.;P:\Git\webpack-config-jaid;C:\Program Files\nodejs;C:\Windows;C:\Windows\system32;SRV*C:\websymbols*http://msdl.microsoft.com/download/symbols;', symOptions: 530, UserName: 'Jaid'
OS-Version: 10.0.19044 () 0x100-0x1
p:\git\webpack-config-jaid\node_modules\segfault-handler\src\stackwalker.cpp (941): StackWalker::ShowCallstack
p:\git\webpack-config-jaid\node_modules\segfault-handler\src\segfault-handler.cpp (242): segfault_handler
00007FF829248A3C (ntdll): (filename not available): RtlDeleteAce
00007FF829221276 (ntdll): (filename not available): RtlRaiseException
00007FF829270BCE (ntdll): (filename not available): KiUserExceptionDispatcher
00007FF71FF5FE9B (node): (filename not available): node::Stop
00007FF7208935F7 (node): (filename not available): v8::internal::Isolate::RunHostImportModuleDynamicallyCallback
00007FF720536F94 (node): (filename not available): v8::internal::Runtime::SetObjectProperty
00007FF720A5740C (node): (filename not available): v8::internal::SetupIsolateDelegate::SetupHeap
00007FF720AF4D62 (node): (filename not available): v8::internal::SetupIsolateDelegate::SetupHeap
PID 10180 received SIGSEGV for address: 0x1ff5fe9b
SymInit: Symbol-SearchPath: '.;P:\Git\webpack-config-jaid;C:\Program Files\nodejs;C:\Windows;C:\Windows\system32;SRV*C:\websymbols*http://msdl.microsoft.com/download/symbols;', symOptions: 530, UserName: 'Jaid'
OS-Version: 10.0.19044 () 0x100-0x1
p:\git\webpack-config-jaid\node_modules\segfault-handler\src\stackwalker.cpp (941): StackWalker::ShowCallstack
p:\git\webpack-config-jaid\node_modules\segfault-handler\src\segfault-handler.cpp (242): segfault_handler
00007FF829248A3C (ntdll): (filename not available): RtlDeleteAce
00007FF829221276 (ntdll): (filename not available): RtlRaiseException
00007FF829270BCE (ntdll): (filename not available): KiUserExceptionDispatcher
00007FF71FF5FE9B (node): (filename not available): node::Stop
00007FF7208935F7 (node): (filename not available): v8::internal::Isolate::RunHostImportModuleDynamicallyCallback
00007FF720536F94 (node): (filename not available): v8::internal::Runtime::SetObjectProperty
00007FF720A5740C (node): (filename not available): v8::internal::SetupIsolateDelegate::SetupHeap
00007FF720AF4D62 (node): (filename not available): v8::internal::SetupIsolateDelegate::SetupHeap
PID 5608 received SIGSEGV for address: 0x1ff5fe9b
SymInit: Symbol-SearchPath: '.;P:\Git\webpack-config-jaid;C:\Program Files\nodejs;C:\Windows;C:\Windows\system32;SRV*C:\websymbols*http://msdl.microsoft.com/download/symbols;', symOptions: 530, UserName: 'Jaid'
OS-Version: 10.0.19044 () 0x100-0x1
p:\git\webpack-config-jaid\node_modules\segfault-handler\src\stackwalker.cpp (941): StackWalker::ShowCallstack
p:\git\webpack-config-jaid\node_modules\segfault-handler\src\segfault-handler.cpp (242): segfault_handler
00007FF829248A3C (ntdll): (filename not available): RtlDeleteAce
00007FF829221276 (ntdll): (filename not available): RtlRaiseException
00007FF829270BCE (ntdll): (filename not available): KiUserExceptionDispatcher
00007FF71FF5FE9B (node): (filename not available): node::Stop
00007FF7208935F7 (node): (filename not available): v8::internal::Isolate::RunHostImportModuleDynamicallyCallback
00007FF720536F94 (node): (filename not available): v8::internal::Runtime::SetObjectProperty
00007FF720A5740C (node): (filename not available): v8::internal::SetupIsolateDelegate::SetupHeap
00007FF720AF4D62 (node): (filename not available): v8::internal::SetupIsolateDelegate::SetupHeap
PID 7788 received SIGSEGV for address: 0x209a212a
SymInit: Symbol-SearchPath: '.;P:\Git\webpack-config-jaid;C:\Program Files\nodejs;C:\Windows;C:\Windows\system32;SRV*C:\websymbols*http://msdl.microsoft.com/download/symbols;', symOptions: 530, UserName: 'Jaid'
OS-Version: 10.0.19044 () 0x100-0x1
p:\git\webpack-config-jaid\node_modules\segfault-handler\src\stackwalker.cpp (941): StackWalker::ShowCallstack
p:\git\webpack-config-jaid\node_modules\segfault-handler\src\segfault-handler.cpp (242): segfault_handler
00007FF829248A3C (ntdll): (filename not available): RtlDeleteAce
00007FF829221276 (ntdll): (filename not available): RtlRaiseException
00007FF829270BCE (ntdll): (filename not available): KiUserExceptionDispatcher
00007FF7209A212A (node): (filename not available): v8::HandleScope::CreateHandle
00007FF71FF5FEC1 (node): (filename not available): node::Stop
00007FF7208935F7 (node): (filename not available): v8::internal::Isolate::RunHostImportModuleDynamicallyCallback
00007FF720536F94 (node): (filename not available): v8::internal::Runtime::SetObjectProperty
00007FF720A5740C (node): (filename not available): v8::internal::SetupIsolateDelegate::SetupHeap
00007FF720AF4D62 (node): (filename not available): v8::internal::SetupIsolateDelegate::SetupHeap
PID 14612 received SIGSEGV for address: 0x1ff5fe9b
SymInit: Symbol-SearchPath: '.;P:\Git\webpack-config-jaid;C:\Program Files\nodejs;C:\Windows;C:\Windows\system32;SRV*C:\websymbols*http://msdl.microsoft.com/download/symbols;', symOptions: 530, UserName: 'Jaid'
OS-Version: 10.0.19044 () 0x100-0x1
p:\git\webpack-config-jaid\node_modules\segfault-handler\src\stackwalker.cpp (941): StackWalker::ShowCallstack
p:\git\webpack-config-jaid\node_modules\segfault-handler\src\segfault-handler.cpp (242): segfault_handler
00007FF829248A3C (ntdll): (filename not available): RtlDeleteAce
00007FF829221276 (ntdll): (filename not available): RtlRaiseException
00007FF829270BCE (ntdll): (filename not available): KiUserExceptionDispatcher
00007FF71FF5FE9B (node): (filename not available): node::Stop
00007FF7208935F7 (node): (filename not available): v8::internal::Isolate::RunHostImportModuleDynamicallyCallback
00007FF720536F94 (node): (filename not available): v8::internal::Runtime::SetObjectProperty
00007FF720A5740C (node): (filename not available): v8::internal::SetupIsolateDelegate::SetupHeap
00007FF720AF4D62 (node): (filename not available): v8::internal::SetupIsolateDelegate::SetupHeap
PID 17652 received SIGSEGV for address: 0x1ff5fe9b
SymInit: Symbol-SearchPath: '.;P:\Git\webpack-config-jaid;C:\Program Files\nodejs;C:\Windows;C:\Windows\system32;SRV*C:\websymbols*http://msdl.microsoft.com/download/symbols;', symOptions: 530, UserName: 'Jaid'
OS-Version: 10.0.19044 () 0x100-0x1
p:\git\webpack-config-jaid\node_modules\segfault-handler\src\stackwalker.cpp (941): StackWalker::ShowCallstack
p:\git\webpack-config-jaid\node_modules\segfault-handler\src\segfault-handler.cpp (242): segfault_handler
00007FF829248A3C (ntdll): (filename not available): RtlDeleteAce
00007FF829221276 (ntdll): (filename not available): RtlRaiseException
00007FF829270BCE (ntdll): (filename not available): KiUserExceptionDispatcher
00007FF71FF5FE9B (node): (filename not available): node::Stop
00007FF7208935F7 (node): (filename not available): v8::internal::Isolate::RunHostImportModuleDynamicallyCallback
00007FF720536F94 (node): (filename not available): v8::internal::Runtime::SetObjectProperty
00007FF720A5740C (node): (filename not available): v8::internal::SetupIsolateDelegate::SetupHeap
00007FF720AF4D62 (node): (filename not available): v8::internal::SetupIsolateDelegate::SetupHeap
PID 15496 received SIGSEGV for address: 0x1ff5fea3
SymInit: Symbol-SearchPath: '.;P:\Git\webpack-config-jaid;C:\Program Files\nodejs;C:\Windows;C:\Windows\system32;SRV*C:\websymbols*http://msdl.microsoft.com/download/symbols;', symOptions: 530, UserName: 'Jaid'
OS-Version: 10.0.19044 () 0x100-0x1
p:\git\webpack-config-jaid\node_modules\segfault-handler\src\stackwalker.cpp (941): StackWalker::ShowCallstack
p:\git\webpack-config-jaid\node_modules\segfault-handler\src\segfault-handler.cpp (242): segfault_handler
00007FF829248A3C (ntdll): (filename not available): RtlDeleteAce
00007FF829221276 (ntdll): (filename not available): RtlRaiseException
00007FF829270BCE (ntdll): (filename not available): KiUserExceptionDispatcher
00007FF71FF5FEA3 (node): (filename not available): node::Stop
00007FF7208935F7 (node): (filename not available): v8::internal::Isolate::RunHostImportModuleDynamicallyCallback
00007FF720536F94 (node): (filename not available): v8::internal::Runtime::SetObjectProperty
00007FF720A5740C (node): (filename not available): v8::internal::SetupIsolateDelegate::SetupHeap
00007FF720AF4D62 (node): (filename not available): v8::internal::SetupIsolateDelegate::SetupHeap
PID 37940 received SIGSEGV for address: 0x1ff5fea3
SymInit: Symbol-SearchPath: '.;P:\Git\webpack-config-jaid;C:\Program Files\nodejs;C:\Windows;C:\Windows\system32;SRV*C:\websymbols*http://msdl.microsoft.com/download/symbols;', symOptions: 530, UserName: 'Jaid'
OS-Version: 10.0.19044 () 0x100-0x1
p:\git\webpack-config-jaid\node_modules\segfault-handler\src\stackwalker.cpp (941): StackWalker::ShowCallstack
p:\git\webpack-config-jaid\node_modules\segfault-handler\src\segfault-handler.cpp (242): segfault_handler
00007FF829248A3C (ntdll): (filename not available): RtlDeleteAce
00007FF829221276 (ntdll): (filename not available): RtlRaiseException
00007FF829270BCE (ntdll): (filename not available): KiUserExceptionDispatcher
00007FF71FF5FEA3 (node): (filename not available): node::Stop
00007FF7208935F7 (node): (filename not available): v8::internal::Isolate::RunHostImportModuleDynamicallyCallback
00007FF720536F94 (node): (filename not available): v8::internal::Runtime::SetObjectProperty
00007FF720A5740C (node): (filename not available): v8::internal::SetupIsolateDelegate::SetupHeap
00007FF720AF4D62 (node): (filename not available): v8::internal::SetupIsolateDelegate::SetupHeap
PID 13988 received SIGSEGV for address: 0x1ff5feaf
SymInit: Symbol-SearchPath: '.;P:\Git\webpack-config-jaid;C:\Program Files\nodejs;C:\Windows;C:\Windows\system32;SRV*C:\websymbols*http://msdl.microsoft.com/download/symbols;', symOptions: 530, UserName: 'Jaid'
OS-Version: 10.0.19044 () 0x100-0x1
p:\git\webpack-config-jaid\node_modules\segfault-handler\src\stackwalker.cpp (941): StackWalker::ShowCallstack
p:\git\webpack-config-jaid\node_modules\segfault-handler\src\segfault-handler.cpp (242): segfault_handler
00007FF829248A3C (ntdll): (filename not available): RtlDeleteAce
00007FF829221276 (ntdll): (filename not available): RtlRaiseException
00007FF829270BCE (ntdll): (filename not available): KiUserExceptionDispatcher
00007FF71FF5FEAF (node): (filename not available): node::Stop
00007FF7208935F7 (node): (filename not available): v8::internal::Isolate::RunHostImportModuleDynamicallyCallback
00007FF720536F94 (node): (filename not available): v8::internal::Runtime::SetObjectProperty
00007FF720A5740C (node): (filename not available): v8::internal::SetupIsolateDelegate::SetupHeap
00007FF720AF4D62 (node): (filename not available): v8::internal::SetupIsolateDelegate::SetupHeap
PID 39816 received SIGSEGV for address: 0x1ff5feaf
SymInit: Symbol-SearchPath: '.;P:\Git\webpack-config-jaid;C:\Program Files\nodejs;C:\Windows;C:\Windows\system32;SRV*C:\websymbols*http://msdl.microsoft.com/download/symbols;', symOptions: 530, UserName: 'Jaid'
OS-Version: 10.0.19044 () 0x100-0x1
p:\git\webpack-config-jaid\node_modules\segfault-handler\src\stackwalker.cpp (941): StackWalker::ShowCallstack
p:\git\webpack-config-jaid\node_modules\segfault-handler\src\segfault-handler.cpp (242): segfault_handler
00007FF829248A3C (ntdll): (filename not available): RtlDeleteAce
00007FF829221276 (ntdll): (filename not available): RtlRaiseException
00007FF829270BCE (ntdll): (filename not available): KiUserExceptionDispatcher
00007FF71FF5FEAF (node): (filename not available): node::Stop
00007FF7208935F7 (node): (filename not available): v8::internal::Isolate::RunHostImportModuleDynamicallyCallback
00007FF720536F94 (node): (filename not available): v8::internal::Runtime::SetObjectProperty
00007FF720A5740C (node): (filename not available): v8::internal::SetupIsolateDelegate::SetupHeap
00007FF720AF4D62 (node): (filename not available): v8::internal::SetupIsolateDelegate::SetupHeap
PID 3412 received SIGSEGV for address: 0x1ff5fe9b
SymInit: Symbol-SearchPath: '.;P:\Git\webpack-config-jaid;C:\Program Files\nodejs;C:\Windows;C:\Windows\system32;SRV*C:\websymbols*http://msdl.microsoft.com/download/symbols;', symOptions: 530, UserName: 'Jaid'
OS-Version: 10.0.19044 () 0x100-0x1
p:\git\webpack-config-jaid\node_modules\segfault-handler\src\stackwalker.cpp (941): StackWalker::ShowCallstack
p:\git\webpack-config-jaid\node_modules\segfault-handler\src\segfault-handler.cpp (242): segfault_handler
00007FF829248A3C (ntdll): (filename not available): RtlDeleteAce
00007FF829221276 (ntdll): (filename not available): RtlRaiseException
00007FF829270BCE (ntdll): (filename not available): KiUserExceptionDispatcher
00007FF71FF5FE9B (node): (filename not available): node::Stop
00007FF7208935F7 (node): (filename not available): v8::internal::Isolate::RunHostImportModuleDynamicallyCallback
00007FF720536F94 (node): (filename not available): v8::internal::Runtime::SetObjectProperty
00007FF720A5740C (node): (filename not available): v8::internal::SetupIsolateDelegate::SetupHeap
00007FF720AF4D62 (node): (filename not available): v8::internal::SetupIsolateDelegate::SetupHeap
PID 22600 received SIGSEGV for address: 0x1ff5feaf
SymInit: Symbol-SearchPath: '.;P:\Git\webpack-config-jaid;C:\Program Files\nodejs;C:\Windows;C:\Windows\system32;SRV*C:\websymbols*http://msdl.microsoft.com/download/symbols;', symOptions: 530, UserName: 'Jaid'
OS-Version: 10.0.19044 () 0x100-0x1
p:\git\webpack-config-jaid\node_modules\segfault-handler\src\stackwalker.cpp (941): StackWalker::ShowCallstack
p:\git\webpack-config-jaid\node_modules\segfault-handler\src\segfault-handler.cpp (242): segfault_handler
00007FF829248A3C (ntdll): (filename not available): RtlDeleteAce
00007FF829221276 (ntdll): (filename not available): RtlRaiseException
00007FF829270BCE (ntdll): (filename not available): KiUserExceptionDispatcher
00007FF71FF5FEAF (node): (filename not available): node::Stop
00007FF7208935F7 (node): (filename not available): v8::internal::Isolate::RunHostImportModuleDynamicallyCallback
00007FF720536F94 (node): (filename not available): v8::internal::Runtime::SetObjectProperty
00007FF720A5740C (node): (filename not available): v8::internal::SetupIsolateDelegate::SetupHeap
00007FF720AF4D62 (node): (filename not available): v8::internal::SetupIsolateDelegate::SetupHeap
PID 33736 received SIGSEGV for address: 0x1ff5fea3
SymInit: Symbol-SearchPath: '.;P:\Git\webpack-config-jaid;C:\Program Files\nodejs;C:\Windows;C:\Windows\system32;SRV*C:\websymbols*http://msdl.microsoft.com/download/symbols;', symOptions: 530, UserName: 'Jaid'
OS-Version: 10.0.19044 () 0x100-0x1
p:\git\webpack-config-jaid\node_modules\segfault-handler\src\stackwalker.cpp (941): StackWalker::ShowCallstack
p:\git\webpack-config-jaid\node_modules\segfault-handler\src\segfault-handler.cpp (242): segfault_handler
00007FF829248A3C (ntdll): (filename not available): RtlDeleteAce
00007FF829221276 (ntdll): (filename not available): RtlRaiseException
00007FF829270BCE (ntdll): (filename not available): KiUserExceptionDispatcher
00007FF71FF5FEA3 (node): (filename not available): node::Stop
00007FF7208935F7 (node): (filename not available): v8::internal::Isolate::RunHostImportModuleDynamicallyCallback
00007FF720536F94 (node): (filename not available): v8::internal::Runtime::SetObjectProperty
00007FF720A5740C (node): (filename not available): v8::internal::SetupIsolateDelegate::SetupHeap
00007FF720AF4D62 (node): (filename not available): v8::internal::SetupIsolateDelegate::SetupHeap
PID 15116 received SIGSEGV for address: 0x1ff5fea3
SymInit: Symbol-SearchPath: '.;P:\Git\webpack-config-jaid;C:\Program Files\nodejs;C:\Windows;C:\Windows\system32;SRV*C:\websymbols*http://msdl.microsoft.com/download/symbols;', symOptions: 530, UserName: 'Jaid'
OS-Version: 10.0.19044 () 0x100-0x1
p:\git\webpack-config-jaid\node_modules\segfault-handler\src\stackwalker.cpp (941): StackWalker::ShowCallstack
p:\git\webpack-config-jaid\node_modules\segfault-handler\src\segfault-handler.cpp (242): segfault_handler
00007FF829248A3C (ntdll): (filename not available): RtlDeleteAce
00007FF829221276 (ntdll): (filename not available): RtlRaiseException
00007FF829270BCE (ntdll): (filename not available): KiUserExceptionDispatcher
00007FF71FF5FEA3 (node): (filename not available): node::Stop
00007FF7208935F7 (node): (filename not available): v8::internal::Isolate::RunHostImportModuleDynamicallyCallback
00007FF720536F94 (node): (filename not available): v8::internal::Runtime::SetObjectProperty
00007FF720A5740C (node): (filename not available): v8::internal::SetupIsolateDelegate::SetupHeap
00007FF720AF4D62 (node): (filename not available): v8::internal::SetupIsolateDelegate::SetupHeap
